<?xml version="1.0" encoding="UTF-8"?>
<testsuite xmlns:xsi="http://www.w3.org/2001/XMLSchema-instance" xsi:noNamespaceSchemaLocation="https://maven.apache.org/surefire/maven-surefire-plugin/xsd/surefire-test-report-3.0.xsd" version="3.0" name="runners.RunnerClass" time="182.402" tests="6" errors="0" skipped="0" failures="2">
  <properties>
    <property name="sun.desktop" value="windows"/>
    <property name="awt.toolkit" value="sun.awt.windows.WToolkit"/>
    <property name="java.specification.version" value="11"/>
    <property name="sun.cpu.isalist" value="amd64"/>
    <property name="sun.jnu.encoding" value="Cp1252"/>
    <property name="java.class.path" value="C:\Users\alexe\IdeaProjects\theScore\target\test-classes;C:\Users\alexe\IdeaProjects\theScore\target\classes;C:\Users\alexe\.m2\repository\io\cucumber\cucumber-java\7.13.0\cucumber-java-7.13.0.jar;C:\Users\alexe\.m2\repository\io\cucumber\cucumber-core\7.13.0\cucumber-core-7.13.0.jar;C:\Users\alexe\.m2\repository\io\cucumber\cucumber-gherkin\7.13.0\cucumber-gherkin-7.13.0.jar;C:\Users\alexe\.m2\repository\io\cucumber\cucumber-gherkin-messages\7.13.0\cucumber-gherkin-messages-7.13.0.jar;C:\Users\alexe\.m2\repository\io\cucumber\gherkin\26.2.0\gherkin-26.2.0.jar;C:\Users\alexe\.m2\repository\io\cucumber\messages\22.0.0\messages-22.0.0.jar;C:\Users\alexe\.m2\repository\io\cucumber\tag-expressions\5.0.1\tag-expressions-5.0.1.jar;C:\Users\alexe\.m2\repository\io\cucumber\cucumber-expressions\16.1.2\cucumber-expressions-16.1.2.jar;C:\Users\alexe\.m2\repository\io\cucumber\datatable\7.13.0\datatable-7.13.0.jar;C:\Users\alexe\.m2\repository\io\cucumber\cucumber-plugin\7.13.0\cucumber-plugin-7.13.0.jar;C:\Users\alexe\.m2\repository\io\cucumber\docstring\7.13.0\docstring-7.13.0.jar;C:\Users\alexe\.m2\repository\io\cucumber\html-formatter\20.3.1\html-formatter-20.3.1.jar;C:\Users\alexe\.m2\repository\io\cucumber\junit-xml-formatter\0.2.0\junit-xml-formatter-0.2.0.jar;C:\Users\alexe\.m2\repository\io\cucumber\ci-environment\9.2.0\ci-environment-9.2.0.jar;C:\Users\alexe\.m2\repository\org\apiguardian\apiguardian-api\1.1.2\apiguardian-api-1.1.2.jar;C:\Users\alexe\.m2\repository\io\cucumber\cucumber-junit\7.13.0\cucumber-junit-7.13.0.jar;C:\Users\alexe\.m2\repository\junit\junit\4.13.2\junit-4.13.2.jar;C:\Users\alexe\.m2\repository\org\hamcrest\hamcrest-core\1.3\hamcrest-core-1.3.jar;C:\Users\alexe\.m2\repository\io\appium\java-client\7.5.1\java-client-7.5.1.jar;C:\Users\alexe\.m2\repository\org\seleniumhq\selenium\selenium-support\3.141.59\selenium-support-3.141.59.jar;C:\Users\alexe\.m2\repository\org\seleniumhq\selenium\selenium-api\3.141.59\selenium-api-3.141.59.jar;C:\Users\alexe\.m2\repository\com\google\code\gson\gson\2.8.6\gson-2.8.6.jar;C:\Users\alexe\.m2\repository\org\apache\httpcomponents\httpclient\4.5.13\httpclient-4.5.13.jar;C:\Users\alexe\.m2\repository\org\apache\httpcomponents\httpcore\4.4.13\httpcore-4.4.13.jar;C:\Users\alexe\.m2\repository\commons-logging\commons-logging\1.2\commons-logging-1.2.jar;C:\Users\alexe\.m2\repository\commons-codec\commons-codec\1.11\commons-codec-1.11.jar;C:\Users\alexe\.m2\repository\cglib\cglib\3.3.0\cglib-3.3.0.jar;C:\Users\alexe\.m2\repository\org\ow2\asm\asm\7.1\asm-7.1.jar;C:\Users\alexe\.m2\repository\commons-validator\commons-validator\1.7\commons-validator-1.7.jar;C:\Users\alexe\.m2\repository\commons-beanutils\commons-beanutils\1.9.4\commons-beanutils-1.9.4.jar;C:\Users\alexe\.m2\repository\commons-digester\commons-digester\2.1\commons-digester-2.1.jar;C:\Users\alexe\.m2\repository\commons-collections\commons-collections\3.2.2\commons-collections-3.2.2.jar;C:\Users\alexe\.m2\repository\commons-io\commons-io\2.8.0\commons-io-2.8.0.jar;C:\Users\alexe\.m2\repository\org\springframework\spring-context\5.3.4\spring-context-5.3.4.jar;C:\Users\alexe\.m2\repository\org\springframework\spring-aop\5.3.4\spring-aop-5.3.4.jar;C:\Users\alexe\.m2\repository\org\springframework\spring-beans\5.3.4\spring-beans-5.3.4.jar;C:\Users\alexe\.m2\repository\org\springframework\spring-core\5.3.4\spring-core-5.3.4.jar;C:\Users\alexe\.m2\repository\org\springframework\spring-jcl\5.3.4\spring-jcl-5.3.4.jar;C:\Users\alexe\.m2\repository\org\springframework\spring-expression\5.3.4\spring-expression-5.3.4.jar;C:\Users\alexe\.m2\repository\org\aspectj\aspectjweaver\1.9.6\aspectjweaver-1.9.6.jar;C:\Users\alexe\.m2\repository\org\seleniumhq\selenium\selenium-java\3.141.59\selenium-java-3.141.59.jar;C:\Users\alexe\.m2\repository\org\seleniumhq\selenium\selenium-chrome-driver\3.141.59\selenium-chrome-driver-3.141.59.jar;C:\Users\alexe\.m2\repository\org\seleniumhq\selenium\selenium-edge-driver\3.141.59\selenium-edge-driver-3.141.59.jar;C:\Users\alexe\.m2\repository\org\seleniumhq\selenium\selenium-firefox-driver\3.141.59\selenium-firefox-driver-3.141.59.jar;C:\Users\alexe\.m2\repository\org\seleniumhq\selenium\selenium-ie-driver\3.141.59\selenium-ie-driver-3.141.59.jar;C:\Users\alexe\.m2\repository\org\seleniumhq\selenium\selenium-opera-driver\3.141.59\selenium-opera-driver-3.141.59.jar;C:\Users\alexe\.m2\repository\org\seleniumhq\selenium\selenium-remote-driver\3.141.59\selenium-remote-driver-3.141.59.jar;C:\Users\alexe\.m2\repository\org\seleniumhq\selenium\selenium-safari-driver\3.141.59\selenium-safari-driver-3.141.59.jar;C:\Users\alexe\.m2\repository\net\bytebuddy\byte-buddy\1.8.15\byte-buddy-1.8.15.jar;C:\Users\alexe\.m2\repository\org\apache\commons\commons-exec\1.3\commons-exec-1.3.jar;C:\Users\alexe\.m2\repository\com\google\guava\guava\25.0-jre\guava-25.0-jre.jar;C:\Users\alexe\.m2\repository\com\google\code\findbugs\jsr305\1.3.9\jsr305-1.3.9.jar;C:\Users\alexe\.m2\repository\org\checkerframework\checker-compat-qual\2.0.0\checker-compat-qual-2.0.0.jar;C:\Users\alexe\.m2\repository\com\google\errorprone\error_prone_annotations\2.1.3\error_prone_annotations-2.1.3.jar;C:\Users\alexe\.m2\repository\com\google\j2objc\j2objc-annotations\1.1\j2objc-annotations-1.1.jar;C:\Users\alexe\.m2\repository\org\codehaus\mojo\animal-sniffer-annotations\1.14\animal-sniffer-annotations-1.14.jar;C:\Users\alexe\.m2\repository\com\squareup\okhttp3\okhttp\3.11.0\okhttp-3.11.0.jar;C:\Users\alexe\.m2\repository\com\squareup\okio\okio\1.14.0\okio-1.14.0.jar;C:\Users\alexe\.m2\repository\org\apache\poi\poi-ooxml\3.17\poi-ooxml-3.17.jar;C:\Users\alexe\.m2\repository\org\apache\poi\poi\3.17\poi-3.17.jar;C:\Users\alexe\.m2\repository\org\apache\commons\commons-collections4\4.1\commons-collections4-4.1.jar;C:\Users\alexe\.m2\repository\org\apache\poi\poi-ooxml-schemas\3.17\poi-ooxml-schemas-3.17.jar;C:\Users\alexe\.m2\repository\org\apache\xmlbeans\xmlbeans\2.6.0\xmlbeans-2.6.0.jar;C:\Users\alexe\.m2\repository\stax\stax-api\1.0.1\stax-api-1.0.1.jar;C:\Users\alexe\.m2\repository\com\github\virtuald\curvesapi\1.04\curvesapi-1.04.jar;C:\Users\alexe\.m2\repository\org\slf4j\slf4j-api\1.7.32\slf4j-api-1.7.32.jar;C:\Users\alexe\.m2\repository\org\slf4j\slf4j-simple\1.7.32\slf4j-simple-1.7.32.jar;C:\Users\alexe\.m2\repository\com\fasterxml\jackson\core\jackson-databind\2.12.3\jackson-databind-2.12.3.jar;C:\Users\alexe\.m2\repository\com\fasterxml\jackson\core\jackson-annotations\2.12.3\jackson-annotations-2.12.3.jar;C:\Users\alexe\.m2\repository\com\fasterxml\jackson\core\jackson-core\2.12.3\jackson-core-2.12.3.jar;C:\Users\alexe\.m2\repository\org\assertj\assertj-core\3.19.0\assertj-core-3.19.0.jar;C:\Users\alexe\.m2\repository\org\apache\commons\commons-lang3\3.12.0\commons-lang3-3.12.0.jar;C:\Users\alexe\.m2\repository\org\json\json\20230227\json-20230227.jar;"/>
    <property name="java.vm.vendor" value="Oracle Corporation"/>
    <property name="sun.arch.data.model" value="64"/>
    <property name="user.variant" value=""/>
    <property name="java.vendor.url" value="https://openjdk.java.net/"/>
    <property name="user.timezone" value="America/Toronto"/>
    <property name="java.vm.specification.version" value="11"/>
    <property name="os.name" value="Windows 11"/>
    <property name="sun.java.launcher" value="SUN_STANDARD"/>
    <property name="user.country" value="CA"/>
    <property name="sun.boot.library.path" value="C:\Program Files\Java\jdk-11.0.20\bin"/>
    <property name="sun.java.command" value="C:\Users\alexe\AppData\Local\Temp\surefire1672256163844643810\surefirebooter-20231220192307785_3.jar C:\Users\alexe\AppData\Local\Temp\surefire1672256163844643810 2023-12-20T19-23-07_601-jvmRun1 surefire-20231220192307785_1tmp surefire_0-20231220192307785_2tmp"/>
    <property name="jdk.debug" value="release"/>
    <property name="surefire.test.class.path" value="C:\Users\alexe\IdeaProjects\theScore\target\test-classes;C:\Users\alexe\IdeaProjects\theScore\target\classes;C:\Users\alexe\.m2\repository\io\cucumber\cucumber-java\7.13.0\cucumber-java-7.13.0.jar;C:\Users\alexe\.m2\repository\io\cucumber\cucumber-core\7.13.0\cucumber-core-7.13.0.jar;C:\Users\alexe\.m2\repository\io\cucumber\cucumber-gherkin\7.13.0\cucumber-gherkin-7.13.0.jar;C:\Users\alexe\.m2\repository\io\cucumber\cucumber-gherkin-messages\7.13.0\cucumber-gherkin-messages-7.13.0.jar;C:\Users\alexe\.m2\repository\io\cucumber\gherkin\26.2.0\gherkin-26.2.0.jar;C:\Users\alexe\.m2\repository\io\cucumber\messages\22.0.0\messages-22.0.0.jar;C:\Users\alexe\.m2\repository\io\cucumber\tag-expressions\5.0.1\tag-expressions-5.0.1.jar;C:\Users\alexe\.m2\repository\io\cucumber\cucumber-expressions\16.1.2\cucumber-expressions-16.1.2.jar;C:\Users\alexe\.m2\repository\io\cucumber\datatable\7.13.0\datatable-7.13.0.jar;C:\Users\alexe\.m2\repository\io\cucumber\cucumber-plugin\7.13.0\cucumber-plugin-7.13.0.jar;C:\Users\alexe\.m2\repository\io\cucumber\docstring\7.13.0\docstring-7.13.0.jar;C:\Users\alexe\.m2\repository\io\cucumber\html-formatter\20.3.1\html-formatter-20.3.1.jar;C:\Users\alexe\.m2\repository\io\cucumber\junit-xml-formatter\0.2.0\junit-xml-formatter-0.2.0.jar;C:\Users\alexe\.m2\repository\io\cucumber\ci-environment\9.2.0\ci-environment-9.2.0.jar;C:\Users\alexe\.m2\repository\org\apiguardian\apiguardian-api\1.1.2\apiguardian-api-1.1.2.jar;C:\Users\alexe\.m2\repository\io\cucumber\cucumber-junit\7.13.0\cucumber-junit-7.13.0.jar;C:\Users\alexe\.m2\repository\junit\junit\4.13.2\junit-4.13.2.jar;C:\Users\alexe\.m2\repository\org\hamcrest\hamcrest-core\1.3\hamcrest-core-1.3.jar;C:\Users\alexe\.m2\repository\io\appium\java-client\7.5.1\java-client-7.5.1.jar;C:\Users\alexe\.m2\repository\org\seleniumhq\selenium\selenium-support\3.141.59\selenium-support-3.141.59.jar;C:\Users\alexe\.m2\repository\org\seleniumhq\selenium\selenium-api\3.141.59\selenium-api-3.141.59.jar;C:\Users\alexe\.m2\repository\com\google\code\gson\gson\2.8.6\gson-2.8.6.jar;C:\Users\alexe\.m2\repository\org\apache\httpcomponents\httpclient\4.5.13\httpclient-4.5.13.jar;C:\Users\alexe\.m2\repository\org\apache\httpcomponents\httpcore\4.4.13\httpcore-4.4.13.jar;C:\Users\alexe\.m2\repository\commons-logging\commons-logging\1.2\commons-logging-1.2.jar;C:\Users\alexe\.m2\repository\commons-codec\commons-codec\1.11\commons-codec-1.11.jar;C:\Users\alexe\.m2\repository\cglib\cglib\3.3.0\cglib-3.3.0.jar;C:\Users\alexe\.m2\repository\org\ow2\asm\asm\7.1\asm-7.1.jar;C:\Users\alexe\.m2\repository\commons-validator\commons-validator\1.7\commons-validator-1.7.jar;C:\Users\alexe\.m2\repository\commons-beanutils\commons-beanutils\1.9.4\commons-beanutils-1.9.4.jar;C:\Users\alexe\.m2\repository\commons-digester\commons-digester\2.1\commons-digester-2.1.jar;C:\Users\alexe\.m2\repository\commons-collections\commons-collections\3.2.2\commons-collections-3.2.2.jar;C:\Users\alexe\.m2\repository\commons-io\commons-io\2.8.0\commons-io-2.8.0.jar;C:\Users\alexe\.m2\repository\org\springframework\spring-context\5.3.4\spring-context-5.3.4.jar;C:\Users\alexe\.m2\repository\org\springframework\spring-aop\5.3.4\spring-aop-5.3.4.jar;C:\Users\alexe\.m2\repository\org\springframework\spring-beans\5.3.4\spring-beans-5.3.4.jar;C:\Users\alexe\.m2\repository\org\springframework\spring-core\5.3.4\spring-core-5.3.4.jar;C:\Users\alexe\.m2\repository\org\springframework\spring-jcl\5.3.4\spring-jcl-5.3.4.jar;C:\Users\alexe\.m2\repository\org\springframework\spring-expression\5.3.4\spring-expression-5.3.4.jar;C:\Users\alexe\.m2\repository\org\aspectj\aspectjweaver\1.9.6\aspectjweaver-1.9.6.jar;C:\Users\alexe\.m2\repository\org\seleniumhq\selenium\selenium-java\3.141.59\selenium-java-3.141.59.jar;C:\Users\alexe\.m2\repository\org\seleniumhq\selenium\selenium-chrome-driver\3.141.59\selenium-chrome-driver-3.141.59.jar;C:\Users\alexe\.m2\repository\org\seleniumhq\selenium\selenium-edge-driver\3.141.59\selenium-edge-driver-3.141.59.jar;C:\Users\alexe\.m2\repository\org\seleniumhq\selenium\selenium-firefox-driver\3.141.59\selenium-firefox-driver-3.141.59.jar;C:\Users\alexe\.m2\repository\org\seleniumhq\selenium\selenium-ie-driver\3.141.59\selenium-ie-driver-3.141.59.jar;C:\Users\alexe\.m2\repository\org\seleniumhq\selenium\selenium-opera-driver\3.141.59\selenium-opera-driver-3.141.59.jar;C:\Users\alexe\.m2\repository\org\seleniumhq\selenium\selenium-remote-driver\3.141.59\selenium-remote-driver-3.141.59.jar;C:\Users\alexe\.m2\repository\org\seleniumhq\selenium\selenium-safari-driver\3.141.59\selenium-safari-driver-3.141.59.jar;C:\Users\alexe\.m2\repository\net\bytebuddy\byte-buddy\1.8.15\byte-buddy-1.8.15.jar;C:\Users\alexe\.m2\repository\org\apache\commons\commons-exec\1.3\commons-exec-1.3.jar;C:\Users\alexe\.m2\repository\com\google\guava\guava\25.0-jre\guava-25.0-jre.jar;C:\Users\alexe\.m2\repository\com\google\code\findbugs\jsr305\1.3.9\jsr305-1.3.9.jar;C:\Users\alexe\.m2\repository\org\checkerframework\checker-compat-qual\2.0.0\checker-compat-qual-2.0.0.jar;C:\Users\alexe\.m2\repository\com\google\errorprone\error_prone_annotations\2.1.3\error_prone_annotations-2.1.3.jar;C:\Users\alexe\.m2\repository\com\google\j2objc\j2objc-annotations\1.1\j2objc-annotations-1.1.jar;C:\Users\alexe\.m2\repository\org\codehaus\mojo\animal-sniffer-annotations\1.14\animal-sniffer-annotations-1.14.jar;C:\Users\alexe\.m2\repository\com\squareup\okhttp3\okhttp\3.11.0\okhttp-3.11.0.jar;C:\Users\alexe\.m2\repository\com\squareup\okio\okio\1.14.0\okio-1.14.0.jar;C:\Users\alexe\.m2\repository\org\apache\poi\poi-ooxml\3.17\poi-ooxml-3.17.jar;C:\Users\alexe\.m2\repository\org\apache\poi\poi\3.17\poi-3.17.jar;C:\Users\alexe\.m2\repository\org\apache\commons\commons-collections4\4.1\commons-collections4-4.1.jar;C:\Users\alexe\.m2\repository\org\apache\poi\poi-ooxml-schemas\3.17\poi-ooxml-schemas-3.17.jar;C:\Users\alexe\.m2\repository\org\apache\xmlbeans\xmlbeans\2.6.0\xmlbeans-2.6.0.jar;C:\Users\alexe\.m2\repository\stax\stax-api\1.0.1\stax-api-1.0.1.jar;C:\Users\alexe\.m2\repository\com\github\virtuald\curvesapi\1.04\curvesapi-1.04.jar;C:\Users\alexe\.m2\repository\org\slf4j\slf4j-api\1.7.32\slf4j-api-1.7.32.jar;C:\Users\alexe\.m2\repository\org\slf4j\slf4j-simple\1.7.32\slf4j-simple-1.7.32.jar;C:\Users\alexe\.m2\repository\com\fasterxml\jackson\core\jackson-databind\2.12.3\jackson-databind-2.12.3.jar;C:\Users\alexe\.m2\repository\com\fasterxml\jackson\core\jackson-annotations\2.12.3\jackson-annotations-2.12.3.jar;C:\Users\alexe\.m2\repository\com\fasterxml\jackson\core\jackson-core\2.12.3\jackson-core-2.12.3.jar;C:\Users\alexe\.m2\repository\org\assertj\assertj-core\3.19.0\assertj-core-3.19.0.jar;C:\Users\alexe\.m2\repository\org\apache\commons\commons-lang3\3.12.0\commons-lang3-3.12.0.jar;C:\Users\alexe\.m2\repository\org\json\json\20230227\json-20230227.jar;"/>
    <property name="sun.cpu.endian" value="little"/>
    <property name="user.home" value="C:\Users\alexe"/>
    <property name="user.language" value="en"/>
    <property name="java.specification.vendor" value="Oracle Corporation"/>
    <property name="java.version.date" value="2023-07-18"/>
    <property name="java.home" value="C:\Program Files\Java\jdk-11.0.20"/>
    <property name="file.separator" value="\"/>
    <property name="basedir" value="C:\Users\alexe\IdeaProjects\theScore"/>
    <property name="java.vm.compressedOopsMode" value="Zero based"/>
    <property name="line.separator" value="&#10;"/>
    <property name="java.specification.name" value="Java Platform API Specification"/>
    <property name="java.vm.specification.vendor" value="Oracle Corporation"/>
    <property name="java.awt.graphicsenv" value="sun.awt.Win32GraphicsEnvironment"/>
    <property name="surefire.real.class.path" value="C:\Users\alexe\AppData\Local\Temp\surefire1672256163844643810\surefirebooter-20231220192307785_3.jar"/>
    <property name="user.script" value=""/>
    <property name="sun.management.compiler" value="HotSpot 64-Bit Tiered Compilers"/>
    <property name="java.runtime.version" value="11.0.20+9-LTS-256"/>
    <property name="user.name" value="alexe"/>
    <property name="path.separator" value=";"/>
    <property name="os.version" value="10.0"/>
    <property name="java.runtime.name" value="Java(TM) SE Runtime Environment"/>
    <property name="file.encoding" value="Cp1252"/>
    <property name="java.vm.name" value="Java HotSpot(TM) 64-Bit Server VM"/>
    <property name="java.vendor.version" value="18.9"/>
    <property name="localRepository" value="C:\Users\alexe\.m2\repository"/>
    <property name="java.vendor.url.bug" value="https://bugreport.java.com/bugreport/"/>
    <property name="java.io.tmpdir" value="C:\Users\alexe\AppData\Local\Temp\"/>
    <property name="java.version" value="11.0.20"/>
    <property name="user.dir" value="C:\Users\alexe\IdeaProjects\theScore"/>
    <property name="os.arch" value="amd64"/>
    <property name="java.vm.specification.name" value="Java Virtual Machine Specification"/>
    <property name="java.awt.printerjob" value="sun.awt.windows.WPrinterJob"/>
    <property name="sun.os.patch.level" value=""/>
    <property name="java.library.path" value="C:\Program Files\Java\jdk-11.0.20\bin;C:\Windows\Sun\Java\bin;C:\Windows\system32;C:\Windows;C:\Program Files\Java\jdk-11.0.20\bin;C:\Program Files (x86)\Common Files\Oracle\Java\javapath;C:\Program Files\Common Files\Oracle\Java\javapath;C:\Windows\system32;C:\Windows;C:\Windows\System32\Wbem;C:\Windows\System32\WindowsPowerShell\v1.0\;C:\Windows\System32\OpenSSH\;C:\Program Files\apache-maven-3.9.3\bin;C:\Program Files\Git\cmd;C:\Users\alexe\AppData\Local\Android\Sdk\emulator;C:\Users\alexe\AppData\Local\Android\Sdk\platform-tools;C:\Users\alexe\AppData\Local\Android\Sdk\tools;C:\Users\alexe\scoop\shims;C:\Users\alexe\AppData\Local\Microsoft\WindowsApps;;C:\Users\alexe\AppData\Local\Programs\Microsoft VS Code\bin;."/>
    <property name="java.vendor" value="Oracle Corporation"/>
    <property name="java.vm.info" value="mixed mode"/>
    <property name="java.vm.version" value="11.0.20+9-LTS-256"/>
    <property name="java.specification.maintenance.version" value="2"/>
    <property name="sun.io.unicode.encoding" value="UnicodeLittle"/>
    <property name="java.class.version" value="55.0"/>
  </properties>
  <testcase name="Navigate and verify league pages, interact with sub-tabs, and perform specific actions #1" classname="Enhanced Navigation and Verification of League Pages and Sub-Tabs" time="19.232">
    <failure type="java.lang.AssertionError"><![CDATA[java.lang.AssertionError
	at org.junit.Assert.fail(Assert.java:87)
	at org.junit.Assert.assertTrue(Assert.java:42)
	at org.junit.Assert.assertTrue(Assert.java:53)
	at steps.LeaguesSteps.the_page_is_displayed_correctly(LeaguesSteps.java:45)
	at ✽.the "NBA" page is displayed correctly(file:///C:/Users/alexe/IdeaProjects/theScore/src/test/resources/features/Leagues.feature:9)
]]></failure>
    <system-out><![CDATA[
@leagues
Scenario Outline: Navigate and verify league pages, interact with sub-tabs, and perform specific actions &amp#27;[90m# src/test/resources/features/Leagues.feature:26&amp#27;[0m
App Launched
  &amp#27;[32mGiven &amp#27;[0m&amp#27;[32mI navigate to the &amp#27;[0m&amp#27;[32m&amp#27;[1m"Leagues"&amp#27;[0m&amp#27;[32m page&amp#27;[0m                                                                 &amp#27;[90m# steps.LeaguesSteps.i_navigate_to_the_page(java.lang.String)&amp#27;[0m
Opened the Profile page
Switch was on. It has been turned off
Switched off the Bet Mode
  &amp#27;[32mWhen &amp#27;[0m&amp#27;[32mI check for the Spotlight Betting News&amp#27;[0m                                                            &amp#27;[90m# steps.LeaguesSteps.i_check_for_the_spotlight_betting_news()&amp#27;[0m
  &amp#27;[32mAnd &amp#27;[0m&amp#27;[32mI navigate to the &amp#27;[0m&amp#27;[32m&amp#27;[1m"NBA"&amp#27;[0m&amp#27;[32m new page&amp#27;[0m                                                                   &amp#27;[90m# steps.LeaguesSteps.i_navigate_to_the_new_page(java.lang.String)&amp#27;[0m
  &amp#27;[31mThen &amp#27;[0m&amp#27;[31mthe &amp#27;[0m&amp#27;[31m&amp#27;[1m"NBA"&amp#27;[0m&amp#27;[31m page is displayed correctly&amp#27;[0m                                                             &amp#27;[90m# steps.LeaguesSteps.the_page_is_displayed_correctly(java.lang.String)&amp#27;[0m
      &amp#27;[31mjava.lang.AssertionError
	at org.junit.Assert.fail(Assert.java:87)
	at org.junit.Assert.assertTrue(Assert.java:42)
	at org.junit.Assert.assertTrue(Assert.java:53)
	at steps.LeaguesSteps.the_page_is_displayed_correctly(LeaguesSteps.java:45)
	at âœ½.the "NBA" page is displayed correctly(file:///C:/Users/alexe/IdeaProjects/theScore/src/test/resources/features/Leagues.feature:9)
&amp#27;[0m
  &amp#27;[36mWhen &amp#27;[0m&amp#27;[36mI tap on the &amp#27;[0m&amp#27;[36m&amp#27;[1m"SCORES"&amp#27;[0m&amp#27;[36m sub-tab for &amp#27;[0m&amp#27;[36m&amp#27;[1m"NBA"&amp#27;[0m                                                           &amp#27;[90m# steps.LeaguesSteps.i_tap_on_the_sub_tab_for(java.lang.String,java.lang.String)&amp#27;[0m
  &amp#27;[36mThen &amp#27;[0m&amp#27;[36mthe &amp#27;[0m&amp#27;[36m&amp#27;[1m"SCORES"&amp#27;[0m&amp#27;[36m sub-tab is displayed correctly with the relevant &amp#27;[0m&amp#27;[36m&amp#27;[1m"NBA"&amp#27;[0m&amp#27;[36m title&amp#27;[0m                         &amp#27;[90m# steps.LeaguesSteps.the_sub_tab_is_displayed_correctly_with_the_relevant_data(java.lang.String,java.lang.String)&amp#27;[0m
  &amp#27;[36mWhen &amp#27;[0m&amp#27;[36mI select the container element in &amp#27;[0m&amp#27;[36m&amp#27;[1m"SCORES"&amp#27;[0m                                                        &amp#27;[90m# steps.LeaguesSteps.i_select_the_container_element_in(java.lang.String)&amp#27;[0m
  &amp#27;[36mAnd &amp#27;[0m&amp#27;[36mI navigate to the &amp#27;[0m&amp#27;[36m&amp#27;[1m"STATS"&amp#27;[0m&amp#27;[36m tab&amp#27;[0m                                                                      &amp#27;[90m# steps.LeaguesSteps.i_navigate_to_the_tab(java.lang.String)&amp#27;[0m
  &amp#27;[36mThen &amp#27;[0m&amp#27;[36mthe &amp#27;[0m&amp#27;[36m&amp#27;[1m"STATS"&amp#27;[0m&amp#27;[36m tab is displayed correctly&amp#27;[0m                                                            &amp#27;[90m# steps.LeaguesSteps.the_tab_is_displayed_correctly(java.lang.String)&amp#27;[0m
  &amp#27;[36mWhen &amp#27;[0m&amp#27;[36mI initiate back navigation&amp#27;[0m                                                                        &amp#27;[90m# steps.LeaguesSteps.i_initiate_back_navigation()&amp#27;[0m
  &amp#27;[36mThen &amp#27;[0m&amp#27;[36mI am returned to the &amp#27;[0m&amp#27;[36m&amp#27;[1m"SCORES"&amp#27;[0m&amp#27;[36m sub-tab&amp#27;[0m                                                             &amp#27;[90m# steps.LeaguesSteps.i_am_returned_to_the_sub_tab(java.lang.String)&amp#27;[0m
  &amp#27;[36mWhen &amp#27;[0m&amp#27;[36mI initiate back navigation again&amp#27;[0m                                                                  &amp#27;[90m# steps.LeaguesSteps.i_initiate_back_navigation_again()&amp#27;[0m
  &amp#27;[36mThen &amp#27;[0m&amp#27;[36mI am returned to the &amp#27;[0m&amp#27;[36m&amp#27;[1m"Leagues"&amp#27;[0m&amp#27;[36m page correctly&amp#27;[0m                                                     &amp#27;[90m# steps.LeaguesSteps.i_am_returned_to_the_page_correctly(java.lang.String)&amp#27;[0m
]]></system-out>
    <system-err><![CDATA[Dec. 20, 2023 7:23:17 P.M. io.appium.java_client.remote.AppiumCommandExecutor$1 lambda$0
INFO: Detected dialect: W3C
]]></system-err>
  </testcase>
  <testcase name="Navigate and verify league pages, interact with sub-tabs, and perform specific actions #2" classname="Enhanced Navigation and Verification of League Pages and Sub-Tabs" time="34.946">
    <system-out><![CDATA[
@leagues
Scenario Outline: Navigate and verify league pages, interact with sub-tabs, and perform specific actions &amp#27;[90m# src/test/resources/features/Leagues.feature:27&amp#27;[0m
App Launched
  &amp#27;[32mGiven &amp#27;[0m&amp#27;[32mI navigate to the &amp#27;[0m&amp#27;[32m&amp#27;[1m"Leagues"&amp#27;[0m&amp#27;[32m page&amp#27;[0m                                                                 &amp#27;[90m# steps.LeaguesSteps.i_navigate_to_the_page(java.lang.String)&amp#27;[0m
An error occurred while checking the spotlight element: Can't locate an element by this strategy: By.chained({By.xpath: //*[@text='Spotlight']})
  &amp#27;[32mWhen &amp#27;[0m&amp#27;[32mI check for the Spotlight Betting News&amp#27;[0m                                                            &amp#27;[90m# steps.LeaguesSteps.i_check_for_the_spotlight_betting_news()&amp#27;[0m
  &amp#27;[32mAnd &amp#27;[0m&amp#27;[32mI navigate to the &amp#27;[0m&amp#27;[32m&amp#27;[1m"NBA"&amp#27;[0m&amp#27;[32m new page&amp#27;[0m                                                                   &amp#27;[90m# steps.LeaguesSteps.i_navigate_to_the_new_page(java.lang.String)&amp#27;[0m
  &amp#27;[32mThen &amp#27;[0m&amp#27;[32mthe &amp#27;[0m&amp#27;[32m&amp#27;[1m"NBA"&amp#27;[0m&amp#27;[32m page is displayed correctly&amp#27;[0m                                                             &amp#27;[90m# steps.LeaguesSteps.the_page_is_displayed_correctly(java.lang.String)&amp#27;[0m
Navigating to the sub-tab: STANDINGS for league: NBA
  &amp#27;[32mWhen &amp#27;[0m&amp#27;[32mI tap on the &amp#27;[0m&amp#27;[32m&amp#27;[1m"STANDINGS"&amp#27;[0m&amp#27;[32m sub-tab for &amp#27;[0m&amp#27;[32m&amp#27;[1m"NBA"&amp#27;[0m                                                        &amp#27;[90m# steps.LeaguesSteps.i_tap_on_the_sub_tab_for(java.lang.String,java.lang.String)&amp#27;[0m
  &amp#27;[32mThen &amp#27;[0m&amp#27;[32mthe &amp#27;[0m&amp#27;[32m&amp#27;[1m"STANDINGS"&amp#27;[0m&amp#27;[32m sub-tab is displayed correctly with the relevant &amp#27;[0m&amp#27;[32m&amp#27;[1m"NBA"&amp#27;[0m&amp#27;[32m title&amp#27;[0m                      &amp#27;[90m# steps.LeaguesSteps.the_sub_tab_is_displayed_correctly_with_the_relevant_data(java.lang.String,java.lang.String)&amp#27;[0m
  &amp#27;[32mWhen &amp#27;[0m&amp#27;[32mI select the container element in &amp#27;[0m&amp#27;[32m&amp#27;[1m"STANDINGS"&amp#27;[0m                                                     &amp#27;[90m# steps.LeaguesSteps.i_select_the_container_element_in(java.lang.String)&amp#27;[0m
  &amp#27;[32mAnd &amp#27;[0m&amp#27;[32mI navigate to the &amp#27;[0m&amp#27;[32m&amp#27;[1m"STATS"&amp#27;[0m&amp#27;[32m tab&amp#27;[0m                                                                      &amp#27;[90m# steps.LeaguesSteps.i_navigate_to_the_tab(java.lang.String)&amp#27;[0m
  &amp#27;[32mThen &amp#27;[0m&amp#27;[32mthe &amp#27;[0m&amp#27;[32m&amp#27;[1m"STATS"&amp#27;[0m&amp#27;[32m tab is displayed correctly&amp#27;[0m                                                            &amp#27;[90m# steps.LeaguesSteps.the_tab_is_displayed_correctly(java.lang.String)&amp#27;[0m
  &amp#27;[32mWhen &amp#27;[0m&amp#27;[32mI initiate back navigation&amp#27;[0m                                                                        &amp#27;[90m# steps.LeaguesSteps.i_initiate_back_navigation()&amp#27;[0m
  &amp#27;[32mThen &amp#27;[0m&amp#27;[32mI am returned to the &amp#27;[0m&amp#27;[32m&amp#27;[1m"STANDINGS"&amp#27;[0m&amp#27;[32m sub-tab&amp#27;[0m                                                          &amp#27;[90m# steps.LeaguesSteps.i_am_returned_to_the_sub_tab(java.lang.String)&amp#27;[0m
  &amp#27;[32mWhen &amp#27;[0m&amp#27;[32mI initiate back navigation again&amp#27;[0m                                                                  &amp#27;[90m# steps.LeaguesSteps.i_initiate_back_navigation_again()&amp#27;[0m
  &amp#27;[32mThen &amp#27;[0m&amp#27;[32mI am returned to the &amp#27;[0m&amp#27;[32m&amp#27;[1m"Leagues"&amp#27;[0m&amp#27;[32m page correctly&amp#27;[0m                                                     &amp#27;[90m# steps.LeaguesSteps.i_am_returned_to_the_page_correctly(java.lang.String)&amp#27;[0m
]]></system-out>
    <system-err><![CDATA[Dec. 20, 2023 7:23:33 P.M. io.appium.java_client.remote.AppiumCommandExecutor$1 lambda$0
INFO: Detected dialect: W3C
]]></system-err>
  </testcase>
  <testcase name="Navigate and verify league pages, interact with sub-tabs, and perform specific actions #3" classname="Enhanced Navigation and Verification of League Pages and Sub-Tabs" time="31.69">
    <system-out><![CDATA[
@leagues
Scenario Outline: Navigate and verify league pages, interact with sub-tabs, and perform specific actions &amp#27;[90m# src/test/resources/features/Leagues.feature:28&amp#27;[0m
App Launched
  &amp#27;[32mGiven &amp#27;[0m&amp#27;[32mI navigate to the &amp#27;[0m&amp#27;[32m&amp#27;[1m"Leagues"&amp#27;[0m&amp#27;[32m page&amp#27;[0m                                                                 &amp#27;[90m# steps.LeaguesSteps.i_navigate_to_the_page(java.lang.String)&amp#27;[0m
An error occurred while checking the spotlight element: Can't locate an element by this strategy: By.chained({By.xpath: //*[@text='Spotlight']})
  &amp#27;[32mWhen &amp#27;[0m&amp#27;[32mI check for the Spotlight Betting News&amp#27;[0m                                                            &amp#27;[90m# steps.LeaguesSteps.i_check_for_the_spotlight_betting_news()&amp#27;[0m
  &amp#27;[32mAnd &amp#27;[0m&amp#27;[32mI navigate to the &amp#27;[0m&amp#27;[32m&amp#27;[1m"NBA"&amp#27;[0m&amp#27;[32m new page&amp#27;[0m                                                                   &amp#27;[90m# steps.LeaguesSteps.i_navigate_to_the_new_page(java.lang.String)&amp#27;[0m
  &amp#27;[32mThen &amp#27;[0m&amp#27;[32mthe &amp#27;[0m&amp#27;[32m&amp#27;[1m"NBA"&amp#27;[0m&amp#27;[32m page is displayed correctly&amp#27;[0m                                                             &amp#27;[90m# steps.LeaguesSteps.the_page_is_displayed_correctly(java.lang.String)&amp#27;[0m
Navigating to the sub-tab: LEADERS for league: NBA
  &amp#27;[32mWhen &amp#27;[0m&amp#27;[32mI tap on the &amp#27;[0m&amp#27;[32m&amp#27;[1m"LEADERS"&amp#27;[0m&amp#27;[32m sub-tab for &amp#27;[0m&amp#27;[32m&amp#27;[1m"NBA"&amp#27;[0m                                                          &amp#27;[90m# steps.LeaguesSteps.i_tap_on_the_sub_tab_for(java.lang.String,java.lang.String)&amp#27;[0m
  &amp#27;[32mThen &amp#27;[0m&amp#27;[32mthe &amp#27;[0m&amp#27;[32m&amp#27;[1m"LEADERS"&amp#27;[0m&amp#27;[32m sub-tab is displayed correctly with the relevant &amp#27;[0m&amp#27;[32m&amp#27;[1m"NBA"&amp#27;[0m&amp#27;[32m title&amp#27;[0m                        &amp#27;[90m# steps.LeaguesSteps.the_sub_tab_is_displayed_correctly_with_the_relevant_data(java.lang.String,java.lang.String)&amp#27;[0m
  &amp#27;[32mWhen &amp#27;[0m&amp#27;[32mI select the container element in &amp#27;[0m&amp#27;[32m&amp#27;[1m"LEADERS"&amp#27;[0m                                                       &amp#27;[90m# steps.LeaguesSteps.i_select_the_container_element_in(java.lang.String)&amp#27;[0m
  &amp#27;[32mAnd &amp#27;[0m&amp#27;[32mI navigate to the &amp#27;[0m&amp#27;[32m&amp#27;[1m"STATS"&amp#27;[0m&amp#27;[32m tab&amp#27;[0m                                                                      &amp#27;[90m# steps.LeaguesSteps.i_navigate_to_the_tab(java.lang.String)&amp#27;[0m
  &amp#27;[32mThen &amp#27;[0m&amp#27;[32mthe &amp#27;[0m&amp#27;[32m&amp#27;[1m"STATS"&amp#27;[0m&amp#27;[32m tab is displayed correctly&amp#27;[0m                                                            &amp#27;[90m# steps.LeaguesSteps.the_tab_is_displayed_correctly(java.lang.String)&amp#27;[0m
  &amp#27;[32mWhen &amp#27;[0m&amp#27;[32mI initiate back navigation&amp#27;[0m                                                                        &amp#27;[90m# steps.LeaguesSteps.i_initiate_back_navigation()&amp#27;[0m
  &amp#27;[32mThen &amp#27;[0m&amp#27;[32mI am returned to the &amp#27;[0m&amp#27;[32m&amp#27;[1m"LEADERS"&amp#27;[0m&amp#27;[32m sub-tab&amp#27;[0m                                                            &amp#27;[90m# steps.LeaguesSteps.i_am_returned_to_the_sub_tab(java.lang.String)&amp#27;[0m
  &amp#27;[32mWhen &amp#27;[0m&amp#27;[32mI initiate back navigation again&amp#27;[0m                                                                  &amp#27;[90m# steps.LeaguesSteps.i_initiate_back_navigation_again()&amp#27;[0m
  &amp#27;[32mThen &amp#27;[0m&amp#27;[32mI am returned to the &amp#27;[0m&amp#27;[32m&amp#27;[1m"Leagues"&amp#27;[0m&amp#27;[32m page correctly&amp#27;[0m                                                     &amp#27;[90m# steps.LeaguesSteps.i_am_returned_to_the_page_correctly(java.lang.String)&amp#27;[0m
]]></system-out>
    <system-err><![CDATA[Dec. 20, 2023 7:24:09 P.M. io.appium.java_client.remote.AppiumCommandExecutor$1 lambda$0
INFO: Detected dialect: W3C
]]></system-err>
  </testcase>
  <testcase name="Navigate and verify league pages, interact with sub-tabs, and perform specific actions #4" classname="Enhanced Navigation and Verification of League Pages and Sub-Tabs" time="30.392">
    <failure message="Stats tab is not found, navigating back." type="java.lang.AssertionError"><![CDATA[java.lang.AssertionError: Stats tab is not found, navigating back.
	at org.junit.Assert.fail(Assert.java:89)
	at steps.LeaguesSteps.the_tab_is_displayed_correctly(LeaguesSteps.java:114)
	at ✽.the "STATS" tab is displayed correctly(file:///C:/Users/alexe/IdeaProjects/theScore/src/test/resources/features/Leagues.feature:16)
]]></failure>
    <system-out><![CDATA[
@leagues
Scenario Outline: Navigate and verify league pages, interact with sub-tabs, and perform specific actions &amp#27;[90m# src/test/resources/features/Leagues.feature:29&amp#27;[0m
App Launched
  &amp#27;[32mGiven &amp#27;[0m&amp#27;[32mI navigate to the &amp#27;[0m&amp#27;[32m&amp#27;[1m"Leagues"&amp#27;[0m&amp#27;[32m page&amp#27;[0m                                                                 &amp#27;[90m# steps.LeaguesSteps.i_navigate_to_the_page(java.lang.String)&amp#27;[0m
An error occurred while checking the spotlight element: Can't locate an element by this strategy: By.chained({By.xpath: //*[@text='Spotlight']})
  &amp#27;[32mWhen &amp#27;[0m&amp#27;[32mI check for the Spotlight Betting News&amp#27;[0m                                                            &amp#27;[90m# steps.LeaguesSteps.i_check_for_the_spotlight_betting_news()&amp#27;[0m
  &amp#27;[32mAnd &amp#27;[0m&amp#27;[32mI navigate to the &amp#27;[0m&amp#27;[32m&amp#27;[1m"NHL"&amp#27;[0m&amp#27;[32m new page&amp#27;[0m                                                                   &amp#27;[90m# steps.LeaguesSteps.i_navigate_to_the_new_page(java.lang.String)&amp#27;[0m
  &amp#27;[32mThen &amp#27;[0m&amp#27;[32mthe &amp#27;[0m&amp#27;[32m&amp#27;[1m"NHL"&amp#27;[0m&amp#27;[32m page is displayed correctly&amp#27;[0m                                                             &amp#27;[90m# steps.LeaguesSteps.the_page_is_displayed_correctly(java.lang.String)&amp#27;[0m
Navigating to the sub-tab: SCORES for league: NHL
  &amp#27;[32mWhen &amp#27;[0m&amp#27;[32mI tap on the &amp#27;[0m&amp#27;[32m&amp#27;[1m"SCORES"&amp#27;[0m&amp#27;[32m sub-tab for &amp#27;[0m&amp#27;[32m&amp#27;[1m"NHL"&amp#27;[0m                                                           &amp#27;[90m# steps.LeaguesSteps.i_tap_on_the_sub_tab_for(java.lang.String,java.lang.String)&amp#27;[0m
  &amp#27;[32mThen &amp#27;[0m&amp#27;[32mthe &amp#27;[0m&amp#27;[32m&amp#27;[1m"SCORES"&amp#27;[0m&amp#27;[32m sub-tab is displayed correctly with the relevant &amp#27;[0m&amp#27;[32m&amp#27;[1m"NHL"&amp#27;[0m&amp#27;[32m title&amp#27;[0m                         &amp#27;[90m# steps.LeaguesSteps.the_sub_tab_is_displayed_correctly_with_the_relevant_data(java.lang.String,java.lang.String)&amp#27;[0m
  &amp#27;[32mWhen &amp#27;[0m&amp#27;[32mI select the container element in &amp#27;[0m&amp#27;[32m&amp#27;[1m"SCORES"&amp#27;[0m                                                        &amp#27;[90m# steps.LeaguesSteps.i_select_the_container_element_in(java.lang.String)&amp#27;[0m
  &amp#27;[32mAnd &amp#27;[0m&amp#27;[32mI navigate to the &amp#27;[0m&amp#27;[32m&amp#27;[1m"STATS"&amp#27;[0m&amp#27;[32m tab&amp#27;[0m                                                                      &amp#27;[90m# steps.LeaguesSteps.i_navigate_to_the_tab(java.lang.String)&amp#27;[0m
  &amp#27;[31mThen &amp#27;[0m&amp#27;[31mthe &amp#27;[0m&amp#27;[31m&amp#27;[1m"STATS"&amp#27;[0m&amp#27;[31m tab is displayed correctly&amp#27;[0m                                                            &amp#27;[90m# steps.LeaguesSteps.the_tab_is_displayed_correctly(java.lang.String)&amp#27;[0m
      &amp#27;[31mjava.lang.AssertionError: Stats tab is not found, navigating back.
	at org.junit.Assert.fail(Assert.java:89)
	at steps.LeaguesSteps.the_tab_is_displayed_correctly(LeaguesSteps.java:114)
	at âœ½.the "STATS" tab is displayed correctly(file:///C:/Users/alexe/IdeaProjects/theScore/src/test/resources/features/Leagues.feature:16)
&amp#27;[0m
  &amp#27;[36mWhen &amp#27;[0m&amp#27;[36mI initiate back navigation&amp#27;[0m                                                                        &amp#27;[90m# steps.LeaguesSteps.i_initiate_back_navigation()&amp#27;[0m
  &amp#27;[36mThen &amp#27;[0m&amp#27;[36mI am returned to the &amp#27;[0m&amp#27;[36m&amp#27;[1m"SCORES"&amp#27;[0m&amp#27;[36m sub-tab&amp#27;[0m                                                             &amp#27;[90m# steps.LeaguesSteps.i_am_returned_to_the_sub_tab(java.lang.String)&amp#27;[0m
  &amp#27;[36mWhen &amp#27;[0m&amp#27;[36mI initiate back navigation again&amp#27;[0m                                                                  &amp#27;[90m# steps.LeaguesSteps.i_initiate_back_navigation_again()&amp#27;[0m
  &amp#27;[36mThen &amp#27;[0m&amp#27;[36mI am returned to the &amp#27;[0m&amp#27;[36m&amp#27;[1m"Leagues"&amp#27;[0m&amp#27;[36m page correctly&amp#27;[0m                                                     &amp#27;[90m# steps.LeaguesSteps.i_am_returned_to_the_page_correctly(java.lang.String)&amp#27;[0m
]]></system-out>
    <system-err><![CDATA[Dec. 20, 2023 7:24:40 P.M. io.appium.java_client.remote.AppiumCommandExecutor$1 lambda$0
INFO: Detected dialect: W3C
]]></system-err>
  </testcase>
  <testcase name="Navigate and verify league pages, interact with sub-tabs, and perform specific actions #5" classname="Enhanced Navigation and Verification of League Pages and Sub-Tabs" time="32.128">
    <system-out><![CDATA[
@leagues
Scenario Outline: Navigate and verify league pages, interact with sub-tabs, and perform specific actions &amp#27;[90m# src/test/resources/features/Leagues.feature:30&amp#27;[0m
App Launched
  &amp#27;[32mGiven &amp#27;[0m&amp#27;[32mI navigate to the &amp#27;[0m&amp#27;[32m&amp#27;[1m"Leagues"&amp#27;[0m&amp#27;[32m page&amp#27;[0m                                                                 &amp#27;[90m# steps.LeaguesSteps.i_navigate_to_the_page(java.lang.String)&amp#27;[0m
An error occurred while checking the spotlight element: Can't locate an element by this strategy: By.chained({By.xpath: //*[@text='Spotlight']})
  &amp#27;[32mWhen &amp#27;[0m&amp#27;[32mI check for the Spotlight Betting News&amp#27;[0m                                                            &amp#27;[90m# steps.LeaguesSteps.i_check_for_the_spotlight_betting_news()&amp#27;[0m
  &amp#27;[32mAnd &amp#27;[0m&amp#27;[32mI navigate to the &amp#27;[0m&amp#27;[32m&amp#27;[1m"NHL"&amp#27;[0m&amp#27;[32m new page&amp#27;[0m                                                                   &amp#27;[90m# steps.LeaguesSteps.i_navigate_to_the_new_page(java.lang.String)&amp#27;[0m
  &amp#27;[32mThen &amp#27;[0m&amp#27;[32mthe &amp#27;[0m&amp#27;[32m&amp#27;[1m"NHL"&amp#27;[0m&amp#27;[32m page is displayed correctly&amp#27;[0m                                                             &amp#27;[90m# steps.LeaguesSteps.the_page_is_displayed_correctly(java.lang.String)&amp#27;[0m
Navigating to the sub-tab: STANDINGS for league: NHL
  &amp#27;[32mWhen &amp#27;[0m&amp#27;[32mI tap on the &amp#27;[0m&amp#27;[32m&amp#27;[1m"STANDINGS"&amp#27;[0m&amp#27;[32m sub-tab for &amp#27;[0m&amp#27;[32m&amp#27;[1m"NHL"&amp#27;[0m                                                        &amp#27;[90m# steps.LeaguesSteps.i_tap_on_the_sub_tab_for(java.lang.String,java.lang.String)&amp#27;[0m
  &amp#27;[32mThen &amp#27;[0m&amp#27;[32mthe &amp#27;[0m&amp#27;[32m&amp#27;[1m"STANDINGS"&amp#27;[0m&amp#27;[32m sub-tab is displayed correctly with the relevant &amp#27;[0m&amp#27;[32m&amp#27;[1m"NHL"&amp#27;[0m&amp#27;[32m title&amp#27;[0m                      &amp#27;[90m# steps.LeaguesSteps.the_sub_tab_is_displayed_correctly_with_the_relevant_data(java.lang.String,java.lang.String)&amp#27;[0m
  &amp#27;[32mWhen &amp#27;[0m&amp#27;[32mI select the container element in &amp#27;[0m&amp#27;[32m&amp#27;[1m"STANDINGS"&amp#27;[0m                                                     &amp#27;[90m# steps.LeaguesSteps.i_select_the_container_element_in(java.lang.String)&amp#27;[0m
  &amp#27;[32mAnd &amp#27;[0m&amp#27;[32mI navigate to the &amp#27;[0m&amp#27;[32m&amp#27;[1m"STATS"&amp#27;[0m&amp#27;[32m tab&amp#27;[0m                                                                      &amp#27;[90m# steps.LeaguesSteps.i_navigate_to_the_tab(java.lang.String)&amp#27;[0m
  &amp#27;[32mThen &amp#27;[0m&amp#27;[32mthe &amp#27;[0m&amp#27;[32m&amp#27;[1m"STATS"&amp#27;[0m&amp#27;[32m tab is displayed correctly&amp#27;[0m                                                            &amp#27;[90m# steps.LeaguesSteps.the_tab_is_displayed_correctly(java.lang.String)&amp#27;[0m
  &amp#27;[32mWhen &amp#27;[0m&amp#27;[32mI initiate back navigation&amp#27;[0m                                                                        &amp#27;[90m# steps.LeaguesSteps.i_initiate_back_navigation()&amp#27;[0m
  &amp#27;[32mThen &amp#27;[0m&amp#27;[32mI am returned to the &amp#27;[0m&amp#27;[32m&amp#27;[1m"STANDINGS"&amp#27;[0m&amp#27;[32m sub-tab&amp#27;[0m                                                          &amp#27;[90m# steps.LeaguesSteps.i_am_returned_to_the_sub_tab(java.lang.String)&amp#27;[0m
  &amp#27;[32mWhen &amp#27;[0m&amp#27;[32mI initiate back navigation again&amp#27;[0m                                                                  &amp#27;[90m# steps.LeaguesSteps.i_initiate_back_navigation_again()&amp#27;[0m
  &amp#27;[32mThen &amp#27;[0m&amp#27;[32mI am returned to the &amp#27;[0m&amp#27;[32m&amp#27;[1m"Leagues"&amp#27;[0m&amp#27;[32m page correctly&amp#27;[0m                                                     &amp#27;[90m# steps.LeaguesSteps.i_am_returned_to_the_page_correctly(java.lang.String)&amp#27;[0m
]]></system-out>
    <system-err><![CDATA[Dec. 20, 2023 7:25:11 P.M. io.appium.java_client.remote.AppiumCommandExecutor$1 lambda$0
INFO: Detected dialect: W3C
]]></system-err>
  </testcase>
  <testcase name="Navigate and verify league pages, interact with sub-tabs, and perform specific actions #6" classname="Enhanced Navigation and Verification of League Pages and Sub-Tabs" time="33.25">
    <system-out><![CDATA[
@leagues
Scenario Outline: Navigate and verify league pages, interact with sub-tabs, and perform specific actions &amp#27;[90m# src/test/resources/features/Leagues.feature:31&amp#27;[0m
App Launched
  &amp#27;[32mGiven &amp#27;[0m&amp#27;[32mI navigate to the &amp#27;[0m&amp#27;[32m&amp#27;[1m"Leagues"&amp#27;[0m&amp#27;[32m page&amp#27;[0m                                                                 &amp#27;[90m# steps.LeaguesSteps.i_navigate_to_the_page(java.lang.String)&amp#27;[0m
An error occurred while checking the spotlight element: Can't locate an element by this strategy: By.chained({By.xpath: //*[@text='Spotlight']})
  &amp#27;[32mWhen &amp#27;[0m&amp#27;[32mI check for the Spotlight Betting News&amp#27;[0m                                                            &amp#27;[90m# steps.LeaguesSteps.i_check_for_the_spotlight_betting_news()&amp#27;[0m
  &amp#27;[32mAnd &amp#27;[0m&amp#27;[32mI navigate to the &amp#27;[0m&amp#27;[32m&amp#27;[1m"NHL"&amp#27;[0m&amp#27;[32m new page&amp#27;[0m                                                                   &amp#27;[90m# steps.LeaguesSteps.i_navigate_to_the_new_page(java.lang.String)&amp#27;[0m
  &amp#27;[32mThen &amp#27;[0m&amp#27;[32mthe &amp#27;[0m&amp#27;[32m&amp#27;[1m"NHL"&amp#27;[0m&amp#27;[32m page is displayed correctly&amp#27;[0m                                                             &amp#27;[90m# steps.LeaguesSteps.the_page_is_displayed_correctly(java.lang.String)&amp#27;[0m
Navigating to the sub-tab: LEADERS for league: NHL
  &amp#27;[32mWhen &amp#27;[0m&amp#27;[32mI tap on the &amp#27;[0m&amp#27;[32m&amp#27;[1m"LEADERS"&amp#27;[0m&amp#27;[32m sub-tab for &amp#27;[0m&amp#27;[32m&amp#27;[1m"NHL"&amp#27;[0m                                                          &amp#27;[90m# steps.LeaguesSteps.i_tap_on_the_sub_tab_for(java.lang.String,java.lang.String)&amp#27;[0m
  &amp#27;[32mThen &amp#27;[0m&amp#27;[32mthe &amp#27;[0m&amp#27;[32m&amp#27;[1m"LEADERS"&amp#27;[0m&amp#27;[32m sub-tab is displayed correctly with the relevant &amp#27;[0m&amp#27;[32m&amp#27;[1m"NHL"&amp#27;[0m&amp#27;[32m title&amp#27;[0m                        &amp#27;[90m# steps.LeaguesSteps.the_sub_tab_is_displayed_correctly_with_the_relevant_data(java.lang.String,java.lang.String)&amp#27;[0m
  &amp#27;[32mWhen &amp#27;[0m&amp#27;[32mI select the container element in &amp#27;[0m&amp#27;[32m&amp#27;[1m"LEADERS"&amp#27;[0m                                                       &amp#27;[90m# steps.LeaguesSteps.i_select_the_container_element_in(java.lang.String)&amp#27;[0m
  &amp#27;[32mAnd &amp#27;[0m&amp#27;[32mI navigate to the &amp#27;[0m&amp#27;[32m&amp#27;[1m"STATS"&amp#27;[0m&amp#27;[32m tab&amp#27;[0m                                                                      &amp#27;[90m# steps.LeaguesSteps.i_navigate_to_the_tab(java.lang.String)&amp#27;[0m
  &amp#27;[32mThen &amp#27;[0m&amp#27;[32mthe &amp#27;[0m&amp#27;[32m&amp#27;[1m"STATS"&amp#27;[0m&amp#27;[32m tab is displayed correctly&amp#27;[0m                                                            &amp#27;[90m# steps.LeaguesSteps.the_tab_is_displayed_correctly(java.lang.String)&amp#27;[0m
  &amp#27;[32mWhen &amp#27;[0m&amp#27;[32mI initiate back navigation&amp#27;[0m                                                                        &amp#27;[90m# steps.LeaguesSteps.i_initiate_back_navigation()&amp#27;[0m
  &amp#27;[32mThen &amp#27;[0m&amp#27;[32mI am returned to the &amp#27;[0m&amp#27;[32m&amp#27;[1m"LEADERS"&amp#27;[0m&amp#27;[32m sub-tab&amp#27;[0m                                                            &amp#27;[90m# steps.LeaguesSteps.i_am_returned_to_the_sub_tab(java.lang.String)&amp#27;[0m
  &amp#27;[32mWhen &amp#27;[0m&amp#27;[32mI initiate back navigation again&amp#27;[0m                                                                  &amp#27;[90m# steps.LeaguesSteps.i_initiate_back_navigation_again()&amp#27;[0m
  &amp#27;[32mThen &amp#27;[0m&amp#27;[32mI am returned to the &amp#27;[0m&amp#27;[32m&amp#27;[1m"Leagues"&amp#27;[0m&amp#27;[32m page correctly&amp#27;[0m                                                     &amp#27;[90m# steps.LeaguesSteps.i_am_returned_to_the_page_correctly(java.lang.String)&amp#27;[0m
]]></system-out>
    <system-err><![CDATA[Dec. 20, 2023 7:25:43 P.M. io.appium.java_client.remote.AppiumCommandExecutor$1 lambda$0
INFO: Detected dialect: W3C
]]></system-err>
  </testcase>
</testsuite>